[debug] [2020-09-05T16:09:52.338Z] ----------------------------------------------------------------------
[debug] [2020-09-05T16:09:52.340Z] Command:       C:\Program Files\nodejs\node.exe C:\Users\Appelsoft\AppData\Roaming\npm\node_modules\firebase-tools\lib\bin\firebase.js functions:shell
[debug] [2020-09-05T16:09:52.340Z] CLI Version:   8.9.2
[debug] [2020-09-05T16:09:52.340Z] Platform:      win32
[debug] [2020-09-05T16:09:52.340Z] Node Version:  v12.13.0
[debug] [2020-09-05T16:09:52.341Z] Time:          Sat Sep 05 2020 13:09:52 GMT-0300 (GMT-03:00)
[debug] [2020-09-05T16:09:52.342Z] ----------------------------------------------------------------------
[debug] [2020-09-05T16:09:52.342Z] 
[debug] [2020-09-05T16:09:52.351Z] > command requires scopes: ["email","openid","https://www.googleapis.com/auth/cloudplatformprojects.readonly","https://www.googleapis.com/auth/firebase","https://www.googleapis.com/auth/cloud-platform"]
[debug] [2020-09-05T16:09:52.352Z] > authorizing via signed-in user
[debug] [2020-09-05T16:09:52.352Z] [iam] checking project upf-eventos for permissions ["firebase.projects.get"]
[debug] [2020-09-05T16:09:52.356Z] >>> HTTP REQUEST POST https://cloudresourcemanager.googleapis.com/v1/projects/upf-eventos:testIamPermissions  
 {"permissions":["firebase.projects.get"]}
[debug] [2020-09-05T16:09:53.339Z] <<< HTTP RESPONSE 200 {"content-type":"application/json; charset=UTF-8","vary":"X-Origin, Referer, Origin,Accept-Encoding","date":"Sat, 05 Sep 2020 16:09:54 GMT","server":"ESF","cache-control":"private","x-xss-protection":"0","x-frame-options":"SAMEORIGIN","x-content-type-options":"nosniff","server-timing":"gfet4t7; dur=732","alt-svc":"h3-29=\":443\"; ma=2592000,h3-27=\":443\"; ma=2592000,h3-T051=\":443\"; ma=2592000,h3-T050=\":443\"; ma=2592000,h3-Q050=\":443\"; ma=2592000,h3-Q046=\":443\"; ma=2592000,h3-Q043=\":443\"; ma=2592000,quic=\":443\"; ma=2592000; v=\"46,43\"","accept-ranges":"none","transfer-encoding":"chunked"}
[warn] !  Your requested "node" version "10" doesn't match your global version "12" {"metadata":{"emulator":{"name":"functions"},"message":"Your requested \"node\" version \"10\" doesn't match your global version \"12\""}}
[debug] [2020-09-05T16:09:55.353Z] defaultcredentials: writing to file C:\Users\Appelsoft\AppData\Roaming\firebase\igvilneck_gmail_com_application_default_credentials.json
[debug] [2020-09-05T16:09:55.354Z] DEBUG: Setting GAC to C:\Users\Appelsoft\AppData\Roaming\firebase\igvilneck_gmail_com_application_default_credentials.json
[debug] [2020-09-05T16:09:55.362Z] [functions] Watching "C:\xampp\htdocs\React JS\UPF Eventos\functions" for Cloud Functions...
[debug] [2020-09-05T16:09:55.376Z] DEBUG: [worker-pool] addWorker(~diagnostic~)
[debug] [2020-09-05T16:09:55.376Z] DEBUG: [worker-pool] Adding worker with key ~diagnostic~, total=1
[debug] [2020-09-05T16:09:55.377Z] DEBUG: [worker-pool] submitWork(triggerId=)
[debug] [2020-09-05T16:09:55.377Z] DEBUG: [worker-~diagnostic~-400127b4-4bbd-4b9f-80cd-0a42099681a4]: Assigning socketPath: \\?\pipe\C:\xampp\htdocs\React JS\UPF Eventos\functions\5432
[debug] [2020-09-05T16:09:55.377Z] DEBUG: [worker-~diagnostic~-400127b4-4bbd-4b9f-80cd-0a42099681a4]: BUSY
[debug] [2020-09-05T16:09:55.870Z] DEBUG: [runtime-status] [5432] Functions runtime initialized. {"cwd":"C:\\xampp\\htdocs\\React JS\\UPF Eventos\\functions","node_version":"12.13.0"}
[debug] [2020-09-05T16:09:55.871Z] DEBUG: [runtime-status] [5432] Disabled runtime features: undefined
[debug] [2020-09-05T16:09:55.874Z] DEBUG: [runtime-status] [5432] Resolved module firebase-admin {"declared":true,"installed":true,"version":"8.13.0","resolution":"C:\\xampp\\htdocs\\React JS\\UPF Eventos\\functions\\node_modules\\firebase-admin\\lib\\index.js"}
[debug] [2020-09-05T16:09:55.875Z] DEBUG: [runtime-status] [5432] Resolved module firebase-functions {"declared":true,"installed":true,"version":"3.11.0","resolution":"C:\\xampp\\htdocs\\React JS\\UPF Eventos\\functions\\node_modules\\firebase-functions\\lib\\index.js"}
[debug] [2020-09-05T16:09:55.876Z] DEBUG: [runtime-status] [5432] Resolved module firebase-functions {"declared":true,"installed":true,"version":"3.11.0","resolution":"C:\\xampp\\htdocs\\React JS\\UPF Eventos\\functions\\node_modules\\firebase-functions\\lib\\index.js"}
[debug] [2020-09-05T16:09:55.878Z] DEBUG: [runtime-status] [5432] Outgoing network have been stubbed. [{"name":"http","status":"mocked"},{"name":"http","status":"mocked"},{"name":"https","status":"mocked"},{"name":"https","status":"mocked"},{"name":"net","status":"mocked"}]
[debug] [2020-09-05T16:09:55.878Z] DEBUG: [runtime-status] [5432] Resolved module firebase-functions {"declared":true,"installed":true,"version":"3.11.0","resolution":"C:\\xampp\\htdocs\\React JS\\UPF Eventos\\functions\\node_modules\\firebase-functions\\lib\\index.js"}
[debug] [2020-09-05T16:09:55.918Z] DEBUG: [runtime-status] [5432] Checked functions.config() {"config":{}}
[debug] [2020-09-05T16:09:55.918Z] DEBUG: [runtime-status] [5432] firebase-functions has been stubbed. {"functionsResolution":{"declared":true,"installed":true,"version":"3.11.0","resolution":"C:\\xampp\\htdocs\\React JS\\UPF Eventos\\functions\\node_modules\\firebase-functions\\lib\\index.js"}}
[debug] [2020-09-05T16:09:55.918Z] DEBUG: [runtime-status] [5432] Resolved module firebase-functions {"declared":true,"installed":true,"version":"3.11.0","resolution":"C:\\xampp\\htdocs\\React JS\\UPF Eventos\\functions\\node_modules\\firebase-functions\\lib\\index.js"}
[debug] [2020-09-05T16:09:55.919Z] DEBUG: [runtime-status] [5432] Resolved module firebase-admin {"declared":true,"installed":true,"version":"8.13.0","resolution":"C:\\xampp\\htdocs\\React JS\\UPF Eventos\\functions\\node_modules\\firebase-admin\\lib\\index.js"}
[debug] [2020-09-05T16:09:55.920Z] DEBUG: [runtime-status] [5432] Resolved module firebase-functions {"declared":true,"installed":true,"version":"3.11.0","resolution":"C:\\xampp\\htdocs\\React JS\\UPF Eventos\\functions\\node_modules\\firebase-functions\\lib\\index.js"}
[debug] [2020-09-05T16:09:55.920Z] DEBUG: [runtime-status] [5432] firebase-admin has been stubbed. {"adminResolution":{"declared":true,"installed":true,"version":"8.13.0","resolution":"C:\\xampp\\htdocs\\React JS\\UPF Eventos\\functions\\node_modules\\firebase-admin\\lib\\index.js"}}
[debug] [2020-09-05T16:09:55.922Z] DEBUG: [runtime-status] [5432] initializeApp(DEFAULT) {"databaseURL":"https://upf-eventos.firebaseio.com","storageBucket":"upf-eventos.appspot.com","projectId":"upf-eventos"}
[debug] [2020-09-05T16:09:55.923Z] [functions[addMessage]] http function initialized (http://localhost:5000/upf-eventos/us-central1/addMessage).
[debug] [2020-09-05T16:09:55.923Z] [functions[generateQrCode]] http function initialized (http://localhost:5000/upf-eventos/us-central1/generateQrCode).
[info] i  functions: Loaded functions: addMessage, generateQrCode 
[warn] !  functions: The following emulators are not running, calls to these services will affect production: firestore, database, pubsub 
[debug] [2020-09-05T16:09:55.938Z] DEBUG: [worker-~diagnostic~-400127b4-4bbd-4b9f-80cd-0a42099681a4]: IDLE
[debug] [2020-09-05T16:10:11.348Z] [functions] Stopping Functions Emulator
[debug] [2020-09-05T16:10:11.356Z] DEBUG: [worker-~diagnostic~-400127b4-4bbd-4b9f-80cd-0a42099681a4]: exited
[debug] [2020-09-05T16:10:11.356Z] DEBUG: [worker-~diagnostic~-400127b4-4bbd-4b9f-80cd-0a42099681a4]: FINISHED
